[INFO] Scanning for projects...
[INFO] 
[INFO] -----------< com.smartcampus:smart-campus-management-system >-----------
[INFO] Building smart-campus-management-system 0.0.1-SNAPSHOT
[INFO]   from pom.xml
[INFO] --------------------------------[ jar ]---------------------------------
[INFO] 
[INFO] >>> spring-boot:3.3.5:run (default-cli) > test-compile @ smart-campus-management-system >>>
[INFO] 
[INFO] --- resources:3.3.1:resources (default-resources) @ smart-campus-management-system ---
[INFO] Copying 1 resource from src\main\resources to target\classes
[INFO] Copying 0 resource from src\main\resources to target\classes
[INFO] 
[INFO] --- compiler:3.13.0:compile (default-compile) @ smart-campus-management-system ---
[INFO] Nothing to compile - all classes are up to date.
[INFO] 
[INFO] --- resources:3.3.1:testResources (default-testResources) @ smart-campus-management-system ---
[INFO] skip non existing resourceDirectory C:\Users\MSI\Documents\it3030-paf-2026-smart-campus-Group_Project\it3030-paf-2026-smart-campus-Group_Project\server\src\test\resources
[INFO] 
[INFO] --- compiler:3.13.0:testCompile (default-testCompile) @ smart-campus-management-system ---
[INFO] No sources to compile
[INFO] 
[INFO] <<< spring-boot:3.3.5:run (default-cli) < test-compile @ smart-campus-management-system <<<
[INFO] 
[INFO] 
[INFO] --- spring-boot:3.3.5:run (default-cli) @ smart-campus-management-system ---
[INFO] Attaching agents: []

  .   ____          _            __ _ _
 /\\ / ___'_ __ _ _(_)_ __  __ _ \ \ \ \
( ( )\___ | '_ | '_| | '_ \/ _` | \ \ \ \
 \\/  ___)| |_)| | | | | || (_| |  ) ) ) )
  '  |____| .__|_| |_|_| |_\__, | / / / /
 =========|_|==============|___/=/_/_/_/

 :: Spring Boot ::                (v3.3.5)

2026-04-21T02:43:28.141+05:30  INFO 37484 --- [smart-campus] [           main] com.smartcampus.SmartCampusApplication   : Starting SmartCampusApplication using Java 17.0.12 with PID 37484 (C:\Users\MSI\Documents\it3030-paf-2026-smart-campus-Group_Project\it3030-paf-2026-smart-campus-Group_Project\server\target\classes started by MSI in C:\Users\MSI\Documents\it3030-paf-2026-smart-campus-Group_Project\it3030-paf-2026-smart-campus-Group_Project\server)
2026-04-21T02:43:28.146+05:30  INFO 37484 --- [smart-campus] [           main] com.smartcampus.SmartCampusApplication   : No active profile set, falling back to 1 default profile: "default"
2026-04-21T02:43:28.678+05:30  INFO 37484 --- [smart-campus] [           main] .s.d.r.c.RepositoryConfigurationDelegate : Bootstrapping Spring Data JPA repositories in DEFAULT mode.
2026-04-21T02:43:28.739+05:30  INFO 37484 --- [smart-campus] [           main] .s.d.r.c.RepositoryConfigurationDelegate : Finished Spring Data repository scanning in 54 ms. Found 3 JPA repository interfaces.
2026-04-21T02:43:29.223+05:30  INFO 37484 --- [smart-campus] [           main] o.s.b.w.embedded.tomcat.TomcatWebServer  : Tomcat initialized with port 8081 (http)
2026-04-21T02:43:29.231+05:30  INFO 37484 --- [smart-campus] [           main] o.apache.catalina.core.StandardService   : Starting service [Tomcat]
2026-04-21T02:43:29.231+05:30  INFO 37484 --- [smart-campus] [           main] o.apache.catalina.core.StandardEngine    : Starting Servlet engine: [Apache Tomcat/10.1.31]
2026-04-21T02:43:29.280+05:30  INFO 37484 --- [smart-campus] [           main] o.a.c.c.C.[Tomcat].[localhost].[/]       : Initializing Spring embedded WebApplicationContext
2026-04-21T02:43:29.280+05:30  INFO 37484 --- [smart-campus] [           main] w.s.c.ServletWebServerApplicationContext : Root WebApplicationContext: initialization completed in 1099 ms
2026-04-21T02:43:29.383+05:30  INFO 37484 --- [smart-campus] [           main] o.hibernate.jpa.internal.util.LogHelper  : HHH000204: Processing PersistenceUnitInfo [name: default]
2026-04-21T02:43:29.423+05:30  INFO 37484 --- [smart-campus] [           main] org.hibernate.Version                    : HHH000412: Hibernate ORM core version 6.5.3.Final
2026-04-21T02:43:29.446+05:30  INFO 37484 --- [smart-campus] [           main] o.h.c.internal.RegionFactoryInitiator    : HHH000026: Second-level cache disabled
2026-04-21T02:43:29.637+05:30  INFO 37484 --- [smart-campus] [           main] o.s.o.j.p.SpringPersistenceUnitInfo      : No LoadTimeWeaver setup: ignoring JPA class transformer
2026-04-21T02:43:29.669+05:30  INFO 37484 --- [smart-campus] [           main] com.zaxxer.hikari.HikariDataSource       : HikariPool-1 - Starting...
2026-04-21T02:43:29.938+05:30  INFO 37484 --- [smart-campus] [           main] com.zaxxer.hikari.pool.HikariPool        : HikariPool-1 - Added connection com.mysql.cj.jdbc.ConnectionImpl@38054d01
2026-04-21T02:43:29.945+05:30  INFO 37484 --- [smart-campus] [           main] com.zaxxer.hikari.HikariDataSource       : HikariPool-1 - Start completed.
2026-04-21T02:43:30.778+05:30  INFO 37484 --- [smart-campus] [           main] o.h.e.t.j.p.i.JtaPlatformInitiator       : HHH000489: No JTA platform available (set 'hibernate.transaction.jta.platform' to enable JTA platform integration)
2026-04-21T02:43:30.889+05:30  INFO 37484 --- [smart-campus] [           main] j.LocalContainerEntityManagerFactoryBean : Initialized JPA EntityManagerFactory for persistence unit 'default'
2026-04-21T02:43:31.128+05:30  INFO 37484 --- [smart-campus] [           main] o.s.d.j.r.query.QueryEnhancerFactory     : Hibernate is in classpath; If applicable, HQL parser will be used.
2026-04-21T02:43:31.437+05:30  INFO 37484 --- [smart-campus] [           main] eAuthenticationProviderManagerConfigurer : Global AuthenticationManager configured with AuthenticationProvider bean with name authenticationProvider
2026-04-21T02:43:31.437+05:30  WARN 37484 --- [smart-campus] [           main] r$InitializeUserDetailsManagerConfigurer : Global AuthenticationManager configured with an AuthenticationProvider bean. UserDetailsService beans will not be used for username/password login. Consider removing the AuthenticationProvider bean. Alternatively, consider using the UserDetailsService in a manually instantiated DaoAuthenticationProvider.
2026-04-21T02:43:31.514+05:30  WARN 37484 --- [smart-campus] [           main] JpaBaseConfiguration$JpaWebConfiguration : spring.jpa.open-in-view is enabled by default. Therefore, database queries may be performed during view rendering. Explicitly configure spring.jpa.open-in-view to disable this warning
2026-04-21T02:43:31.944+05:30  INFO 37484 --- [smart-campus] [           main] o.s.b.w.embedded.tomcat.TomcatWebServer  : Tomcat started on port 8081 (http) with context path '/'
2026-04-21T02:43:31.956+05:30  INFO 37484 --- [smart-campus] [           main] com.smartcampus.SmartCampusApplication   : Started SmartCampusApplication in 4.095 seconds (process running for 4.34)
2026-04-21T02:44:02.274+05:30  INFO 37484 --- [smart-campus] [nio-8081-exec-1] o.a.c.c.C.[Tomcat].[localhost].[/]       : Initializing Spring DispatcherServlet 'dispatcherServlet'
2026-04-21T02:44:02.274+05:30  INFO 37484 --- [smart-campus] [nio-8081-exec-1] o.s.web.servlet.DispatcherServlet        : Initializing Servlet 'dispatcherServlet'
2026-04-21T02:44:02.276+05:30  INFO 37484 --- [smart-campus] [nio-8081-exec-1] o.s.web.servlet.DispatcherServlet        : Completed initialization in 2 ms
